<?xml version="1.0" encoding="UTF-8"?>
<!-- Generated by org.testng.reporters.JUnitReportReporter -->
<testsuite hostname="DESKTOP-N5690J3" failures="0" tests="1" name="automation.SignInTest" time="53.767" errors="0" timestamp="16 Jul 2023 13:31:05 GMT" skipped="0">
  <testcase classname="automation.SignInTest" name="SignIn" time="53.767"/>
</testsuite> <!-- automation.SignInTest -->
