<?xml version="1.0" encoding="UTF-8"?>
<!-- Generated by org.testng.reporters.JUnitReportReporter -->
<testsuite hostname="DESKTOP-N5690J3" failures="0" tests="1" name="automation.SearchResultsTest" time="82.557" errors="0" timestamp="21 Jul 2023 18:00:55 GMT" skipped="0">
  <testcase classname="automation.SearchResultsTest" name="SearchResultsTest" time="82.557"/>
</testsuite> <!-- automation.SearchResultsTest -->
