<?xml version="1.0" encoding="UTF-8"?>
<!-- Generated by org.testng.reporters.JUnitReportReporter -->
<testsuite hostname="DESKTOP-N5690J3" failures="0" tests="1" name="automation.CreateAccountTest" time="76.762" errors="0" timestamp="16 Jul 2023 14:31:21 GMT" skipped="0">
  <testcase classname="automation.CreateAccountTest" name="createAccount" time="76.762"/>
</testsuite> <!-- automation.CreateAccountTest -->
